This is pdfTeX, Version 3.14159265-2.6-1.40.16 (TeX Live 2015/Debian) (preloaded format=pdflatex 2018.10.18)  7 SEP 2019 14:56
entering extended mode
 \write18 enabled.
 %&-line parsing enabled.
**doc.tex
(./doc.tex
LaTeX2e <2016/02/01>
Babel <3.9q> and hyphenation patterns for 33 language(s) loaded.
(/usr/share/texlive/texmf-dist/tex/latex/base/article.cls
Document Class: article 2014/09/29 v1.4h Standard LaTeX document class
(/usr/share/texlive/texmf-dist/tex/latex/base/size12.clo
File: size12.clo 2014/09/29 v1.4h Standard LaTeX file (size option)
)
\c@part=\count79
\c@section=\count80
\c@subsection=\count81
\c@subsubsection=\count82
\c@paragraph=\count83
\c@subparagraph=\count84
\c@figure=\count85
\c@table=\count86
\abovecaptionskip=\skip41
\belowcaptionskip=\skip42
\bibindent=\dimen102
)
(/usr/share/texlive/texmf-dist/tex/latex/amsmath/amsmath.sty
Package: amsmath 2016/03/03 v2.15a AMS math features
\@mathmargin=\skip43

For additional information on amsmath, use the `?' option.
(/usr/share/texlive/texmf-dist/tex/latex/amsmath/amstext.sty
Package: amstext 2000/06/29 v2.01 AMS text

(/usr/share/texlive/texmf-dist/tex/latex/amsmath/amsgen.sty
File: amsgen.sty 1999/11/30 v2.0 generic functions
\@emptytoks=\toks14
\ex@=\dimen103
))
(/usr/share/texlive/texmf-dist/tex/latex/amsmath/amsbsy.sty
Package: amsbsy 1999/11/29 v1.2d Bold Symbols
\pmbraise@=\dimen104
)
(/usr/share/texlive/texmf-dist/tex/latex/amsmath/amsopn.sty
Package: amsopn 1999/12/14 v2.01 operator names
)
\inf@bad=\count87
LaTeX Info: Redefining \frac on input line 199.
\uproot@=\count88
\leftroot@=\count89
LaTeX Info: Redefining \overline on input line 297.
\classnum@=\count90
\DOTSCASE@=\count91
LaTeX Info: Redefining \ldots on input line 394.
LaTeX Info: Redefining \dots on input line 397.
LaTeX Info: Redefining \cdots on input line 518.
\Mathstrutbox@=\box26
\strutbox@=\box27
\big@size=\dimen105
LaTeX Font Info:    Redeclaring font encoding OML on input line 630.
LaTeX Font Info:    Redeclaring font encoding OMS on input line 631.
\macc@depth=\count92
\c@MaxMatrixCols=\count93
\dotsspace@=\muskip10
\c@parentequation=\count94
\dspbrk@lvl=\count95
\tag@help=\toks15
\row@=\count96
\column@=\count97
\maxfields@=\count98
\andhelp@=\toks16
\eqnshift@=\dimen106
\alignsep@=\dimen107
\tagshift@=\dimen108
\tagwidth@=\dimen109
\totwidth@=\dimen110
\lineht@=\dimen111
\@envbody=\toks17
\multlinegap=\skip44
\multlinetaggap=\skip45
\mathdisplay@stack=\toks18
LaTeX Info: Redefining \[ on input line 2735.
LaTeX Info: Redefining \] on input line 2736.
)
(/usr/share/texlive/texmf-dist/tex/latex/amsfonts/amsfonts.sty
Package: amsfonts 2013/01/14 v3.01 Basic AMSFonts support
\symAMSa=\mathgroup4
\symAMSb=\mathgroup5
LaTeX Font Info:    Overwriting math alphabet `\mathfrak' in version `bold'
(Font)                  U/euf/m/n --> U/euf/b/n on input line 106.
)
(/usr/share/texlive/texmf-dist/tex/latex/amsfonts/amssymb.sty
Package: amssymb 2013/01/14 v3.01 AMS font symbols
)
(/usr/share/texlive/texmf-dist/tex/latex/graphics/graphicx.sty
Package: graphicx 2014/10/28 v1.0g Enhanced LaTeX Graphics (DPC,SPQR)

(/usr/share/texlive/texmf-dist/tex/latex/graphics/keyval.sty
Package: keyval 2014/10/28 v1.15 key=value parser (DPC)
\KV@toks@=\toks19
)
(/usr/share/texlive/texmf-dist/tex/latex/graphics/graphics.sty
Package: graphics 2016/01/03 v1.0q Standard LaTeX Graphics (DPC,SPQR)

(/usr/share/texlive/texmf-dist/tex/latex/graphics/trig.sty
Package: trig 2016/01/03 v1.10 sin cos tan (DPC)
)
(/etc/texmf/tex/latex/config/graphics.cfg
File: graphics.cfg 2009/08/28 v1.8 graphics configuration of TeX Live
)
Package graphics Info: Driver file: pdftex.def on input line 95.

(/usr/share/texlive/texmf-dist/tex/latex/pdftex-def/pdftex.def
File: pdftex.def 2011/05/27 v0.06d Graphics/color for pdfTeX

(/usr/share/texlive/texmf-dist/tex/generic/oberdiek/infwarerr.sty
Package: infwarerr 2010/04/08 v1.3 Providing info/warning/error messages (HO)
)
(/usr/share/texlive/texmf-dist/tex/generic/oberdiek/ltxcmds.sty
Package: ltxcmds 2011/11/09 v1.22 LaTeX kernel commands for general use (HO)
)
\Gread@gobject=\count99
))
\Gin@req@height=\dimen112
\Gin@req@width=\dimen113
)
(/usr/share/texlive/texmf-dist/tex/latex/float/float.sty
Package: float 2001/11/08 v1.3d Float enhancements (AL)
\c@float@type=\count100
\float@exts=\toks20
\float@box=\box28
\@float@everytoks=\toks21
\@floatcapt=\box29
)
(/usr/share/texlive/texmf-dist/tex/latex/listings/listings.sty
\lst@mode=\count101
\lst@gtempboxa=\box30
\lst@token=\toks22
\lst@length=\count102
\lst@currlwidth=\dimen114
\lst@column=\count103
\lst@pos=\count104
\lst@lostspace=\dimen115
\lst@width=\dimen116
\lst@newlines=\count105
\lst@lineno=\count106
\lst@maxwidth=\dimen117

(/usr/share/texlive/texmf-dist/tex/latex/listings/lstmisc.sty
File: lstmisc.sty 2015/06/04 1.6 (Carsten Heinz)
\c@lstnumber=\count107
\lst@skipnumbers=\count108
\lst@framebox=\box31
)
(/usr/share/texlive/texmf-dist/tex/latex/listings/listings.cfg
File: listings.cfg 2015/06/04 1.6 listings configuration
))
Package: listings 2015/06/04 1.6 (Carsten Heinz)

(/usr/share/texlive/texmf-dist/tex/latex/rotating/rotating.sty
Package: rotating 2009/03/28 v2.16a rotated objects in LaTeX

(/usr/share/texlive/texmf-dist/tex/latex/base/ifthen.sty
Package: ifthen 2014/09/29 v1.1c Standard LaTeX ifthen package (DPC)
)
\c@r@tfl@t=\count109
\rotFPtop=\skip46
\rotFPbot=\skip47
\rot@float@box=\box32
\rot@mess@toks=\toks23
)
(/usr/share/texlive/texmf-dist/tex/latex/pgf/frontendlayer/tikz.sty
(/usr/share/texlive/texmf-dist/tex/latex/pgf/basiclayer/pgf.sty
(/usr/share/texlive/texmf-dist/tex/latex/pgf/utilities/pgfrcs.sty
(/usr/share/texlive/texmf-dist/tex/generic/pgf/utilities/pgfutil-common.tex
\pgfutil@everybye=\toks24
\pgfutil@tempdima=\dimen118
\pgfutil@tempdimb=\dimen119

(/usr/share/texlive/texmf-dist/tex/generic/pgf/utilities/pgfutil-common-lists.t
ex)) (/usr/share/texlive/texmf-dist/tex/generic/pgf/utilities/pgfutil-latex.def
\pgfutil@abb=\box33
(/usr/share/texlive/texmf-dist/tex/latex/ms/everyshi.sty
Package: everyshi 2001/05/15 v3.00 EveryShipout Package (MS)
))
(/usr/share/texlive/texmf-dist/tex/generic/pgf/utilities/pgfrcs.code.tex
Package: pgfrcs 2015/08/07 v3.0.1a (rcs-revision 1.31)
))
Package: pgf 2015/08/07 v3.0.1a (rcs-revision 1.15)

(/usr/share/texlive/texmf-dist/tex/latex/pgf/basiclayer/pgfcore.sty
(/usr/share/texlive/texmf-dist/tex/latex/pgf/systemlayer/pgfsys.sty
(/usr/share/texlive/texmf-dist/tex/generic/pgf/systemlayer/pgfsys.code.tex
Package: pgfsys 2014/07/09 v3.0.1a (rcs-revision 1.48)

(/usr/share/texlive/texmf-dist/tex/generic/pgf/utilities/pgfkeys.code.tex
\pgfkeys@pathtoks=\toks25
\pgfkeys@temptoks=\toks26

(/usr/share/texlive/texmf-dist/tex/generic/pgf/utilities/pgfkeysfiltered.code.t
ex
\pgfkeys@tmptoks=\toks27
))
\pgf@x=\dimen120
\pgf@y=\dimen121
\pgf@xa=\dimen122
\pgf@ya=\dimen123
\pgf@xb=\dimen124
\pgf@yb=\dimen125
\pgf@xc=\dimen126
\pgf@yc=\dimen127
\w@pgf@writea=\write3
\r@pgf@reada=\read1
\c@pgf@counta=\count110
\c@pgf@countb=\count111
\c@pgf@countc=\count112
\c@pgf@countd=\count113
\t@pgf@toka=\toks28
\t@pgf@tokb=\toks29
\t@pgf@tokc=\toks30
 (/usr/share/texlive/texmf-dist/tex/generic/pgf/systemlayer/pgf.cfg
File: pgf.cfg 2008/05/14  (rcs-revision 1.7)
)
Driver file for pgf: pgfsys-pdftex.def

(/usr/share/texlive/texmf-dist/tex/generic/pgf/systemlayer/pgfsys-pdftex.def
File: pgfsys-pdftex.def 2014/10/11  (rcs-revision 1.35)

(/usr/share/texlive/texmf-dist/tex/generic/pgf/systemlayer/pgfsys-common-pdf.de
f
File: pgfsys-common-pdf.def 2013/10/10  (rcs-revision 1.13)
)))
(/usr/share/texlive/texmf-dist/tex/generic/pgf/systemlayer/pgfsyssoftpath.code.
tex
File: pgfsyssoftpath.code.tex 2013/09/09  (rcs-revision 1.9)
\pgfsyssoftpath@smallbuffer@items=\count114
\pgfsyssoftpath@bigbuffer@items=\count115
)
(/usr/share/texlive/texmf-dist/tex/generic/pgf/systemlayer/pgfsysprotocol.code.
tex
File: pgfsysprotocol.code.tex 2006/10/16  (rcs-revision 1.4)
)) (/usr/share/texlive/texmf-dist/tex/latex/xcolor/xcolor.sty
Package: xcolor 2007/01/21 v2.11 LaTeX color extensions (UK)

(/etc/texmf/tex/latex/config/color.cfg
File: color.cfg 2007/01/18 v1.5 color configuration of teTeX/TeXLive
)
Package xcolor Info: Driver file: pdftex.def on input line 225.
Package xcolor Info: Model `cmy' substituted by `cmy0' on input line 1337.
Package xcolor Info: Model `hsb' substituted by `rgb' on input line 1341.
Package xcolor Info: Model `RGB' extended on input line 1353.
Package xcolor Info: Model `HTML' substituted by `rgb' on input line 1355.
Package xcolor Info: Model `Hsb' substituted by `hsb' on input line 1356.
Package xcolor Info: Model `tHsb' substituted by `hsb' on input line 1357.
Package xcolor Info: Model `HSB' substituted by `hsb' on input line 1358.
Package xcolor Info: Model `Gray' substituted by `gray' on input line 1359.
Package xcolor Info: Model `wave' substituted by `hsb' on input line 1360.
)
(/usr/share/texlive/texmf-dist/tex/generic/pgf/basiclayer/pgfcore.code.tex
Package: pgfcore 2010/04/11 v3.0.1a (rcs-revision 1.7)

(/usr/share/texlive/texmf-dist/tex/generic/pgf/math/pgfmath.code.tex
(/usr/share/texlive/texmf-dist/tex/generic/pgf/math/pgfmathcalc.code.tex
(/usr/share/texlive/texmf-dist/tex/generic/pgf/math/pgfmathutil.code.tex)
(/usr/share/texlive/texmf-dist/tex/generic/pgf/math/pgfmathparser.code.tex
\pgfmath@dimen=\dimen128
\pgfmath@count=\count116
\pgfmath@box=\box34
\pgfmath@toks=\toks31
\pgfmath@stack@operand=\toks32
\pgfmath@stack@operation=\toks33
)
(/usr/share/texlive/texmf-dist/tex/generic/pgf/math/pgfmathfunctions.code.tex
(/usr/share/texlive/texmf-dist/tex/generic/pgf/math/pgfmathfunctions.basic.code
.tex)
(/usr/share/texlive/texmf-dist/tex/generic/pgf/math/pgfmathfunctions.trigonomet
ric.code.tex)
(/usr/share/texlive/texmf-dist/tex/generic/pgf/math/pgfmathfunctions.random.cod
e.tex)
(/usr/share/texlive/texmf-dist/tex/generic/pgf/math/pgfmathfunctions.comparison
.code.tex)
(/usr/share/texlive/texmf-dist/tex/generic/pgf/math/pgfmathfunctions.base.code.
tex)
(/usr/share/texlive/texmf-dist/tex/generic/pgf/math/pgfmathfunctions.round.code
.tex)
(/usr/share/texlive/texmf-dist/tex/generic/pgf/math/pgfmathfunctions.misc.code.
tex)
(/usr/share/texlive/texmf-dist/tex/generic/pgf/math/pgfmathfunctions.integerari
thmetics.code.tex)))
(/usr/share/texlive/texmf-dist/tex/generic/pgf/math/pgfmathfloat.code.tex
\c@pgfmathroundto@lastzeros=\count117
))
(/usr/share/texlive/texmf-dist/tex/generic/pgf/basiclayer/pgfcorepoints.code.te
x
File: pgfcorepoints.code.tex 2013/10/07  (rcs-revision 1.27)
\pgf@picminx=\dimen129
\pgf@picmaxx=\dimen130
\pgf@picminy=\dimen131
\pgf@picmaxy=\dimen132
\pgf@pathminx=\dimen133
\pgf@pathmaxx=\dimen134
\pgf@pathminy=\dimen135
\pgf@pathmaxy=\dimen136
\pgf@xx=\dimen137
\pgf@xy=\dimen138
\pgf@yx=\dimen139
\pgf@yy=\dimen140
\pgf@zx=\dimen141
\pgf@zy=\dimen142
)
(/usr/share/texlive/texmf-dist/tex/generic/pgf/basiclayer/pgfcorepathconstruct.
code.tex
File: pgfcorepathconstruct.code.tex 2013/10/07  (rcs-revision 1.29)
\pgf@path@lastx=\dimen143
\pgf@path@lasty=\dimen144
)
(/usr/share/texlive/texmf-dist/tex/generic/pgf/basiclayer/pgfcorepathusage.code
.tex
File: pgfcorepathusage.code.tex 2014/11/02  (rcs-revision 1.24)
\pgf@shorten@end@additional=\dimen145
\pgf@shorten@start@additional=\dimen146
)
(/usr/share/texlive/texmf-dist/tex/generic/pgf/basiclayer/pgfcorescopes.code.te
x
File: pgfcorescopes.code.tex 2015/05/08  (rcs-revision 1.46)
\pgfpic=\box35
\pgf@hbox=\box36
\pgf@layerbox@main=\box37
\pgf@picture@serial@count=\count118
)
(/usr/share/texlive/texmf-dist/tex/generic/pgf/basiclayer/pgfcoregraphicstate.c
ode.tex
File: pgfcoregraphicstate.code.tex 2014/11/02  (rcs-revision 1.12)
\pgflinewidth=\dimen147
)
(/usr/share/texlive/texmf-dist/tex/generic/pgf/basiclayer/pgfcoretransformation
s.code.tex
File: pgfcoretransformations.code.tex 2015/08/07  (rcs-revision 1.20)
\pgf@pt@x=\dimen148
\pgf@pt@y=\dimen149
\pgf@pt@temp=\dimen150
)
(/usr/share/texlive/texmf-dist/tex/generic/pgf/basiclayer/pgfcorequick.code.tex
File: pgfcorequick.code.tex 2008/10/09  (rcs-revision 1.3)
)
(/usr/share/texlive/texmf-dist/tex/generic/pgf/basiclayer/pgfcoreobjects.code.t
ex
File: pgfcoreobjects.code.tex 2006/10/11  (rcs-revision 1.2)
)
(/usr/share/texlive/texmf-dist/tex/generic/pgf/basiclayer/pgfcorepathprocessing
.code.tex
File: pgfcorepathprocessing.code.tex 2013/09/09  (rcs-revision 1.9)
)
(/usr/share/texlive/texmf-dist/tex/generic/pgf/basiclayer/pgfcorearrows.code.te
x
File: pgfcorearrows.code.tex 2015/05/14  (rcs-revision 1.43)
\pgfarrowsep=\dimen151
)
(/usr/share/texlive/texmf-dist/tex/generic/pgf/basiclayer/pgfcoreshade.code.tex
File: pgfcoreshade.code.tex 2013/07/15  (rcs-revision 1.15)
\pgf@max=\dimen152
\pgf@sys@shading@range@num=\count119
)
(/usr/share/texlive/texmf-dist/tex/generic/pgf/basiclayer/pgfcoreimage.code.tex
File: pgfcoreimage.code.tex 2013/07/15  (rcs-revision 1.18)

(/usr/share/texlive/texmf-dist/tex/generic/pgf/basiclayer/pgfcoreexternal.code.
tex
File: pgfcoreexternal.code.tex 2014/07/09  (rcs-revision 1.21)
\pgfexternal@startupbox=\box38
))
(/usr/share/texlive/texmf-dist/tex/generic/pgf/basiclayer/pgfcorelayers.code.te
x
File: pgfcorelayers.code.tex 2013/07/18  (rcs-revision 1.7)
)
(/usr/share/texlive/texmf-dist/tex/generic/pgf/basiclayer/pgfcoretransparency.c
ode.tex
File: pgfcoretransparency.code.tex 2013/09/30  (rcs-revision 1.5)
)
(/usr/share/texlive/texmf-dist/tex/generic/pgf/basiclayer/pgfcorepatterns.code.
tex
File: pgfcorepatterns.code.tex 2013/11/07  (rcs-revision 1.5)
)))
(/usr/share/texlive/texmf-dist/tex/generic/pgf/modules/pgfmoduleshapes.code.tex
File: pgfmoduleshapes.code.tex 2014/03/21  (rcs-revision 1.35)
\pgfnodeparttextbox=\box39
) (/usr/share/texlive/texmf-dist/tex/generic/pgf/modules/pgfmoduleplot.code.tex
File: pgfmoduleplot.code.tex 2015/08/03  (rcs-revision 1.13)
)
(/usr/share/texlive/texmf-dist/tex/latex/pgf/compatibility/pgfcomp-version-0-65
.sty
Package: pgfcomp-version-0-65 2007/07/03 v3.0.1a (rcs-revision 1.7)
\pgf@nodesepstart=\dimen153
\pgf@nodesepend=\dimen154
)
(/usr/share/texlive/texmf-dist/tex/latex/pgf/compatibility/pgfcomp-version-1-18
.sty
Package: pgfcomp-version-1-18 2007/07/23 v3.0.1a (rcs-revision 1.1)
)) (/usr/share/texlive/texmf-dist/tex/latex/pgf/utilities/pgffor.sty
(/usr/share/texlive/texmf-dist/tex/latex/pgf/utilities/pgfkeys.sty
(/usr/share/texlive/texmf-dist/tex/generic/pgf/utilities/pgfkeys.code.tex))
(/usr/share/texlive/texmf-dist/tex/latex/pgf/math/pgfmath.sty
(/usr/share/texlive/texmf-dist/tex/generic/pgf/math/pgfmath.code.tex))
(/usr/share/texlive/texmf-dist/tex/generic/pgf/utilities/pgffor.code.tex
Package: pgffor 2013/12/13 v3.0.1a (rcs-revision 1.25)

(/usr/share/texlive/texmf-dist/tex/generic/pgf/math/pgfmath.code.tex)
\pgffor@iter=\dimen155
\pgffor@skip=\dimen156
\pgffor@stack=\toks34
\pgffor@toks=\toks35
))
(/usr/share/texlive/texmf-dist/tex/generic/pgf/frontendlayer/tikz/tikz.code.tex
Package: tikz 2015/08/07 v3.0.1a (rcs-revision 1.151)

(/usr/share/texlive/texmf-dist/tex/generic/pgf/libraries/pgflibraryplothandlers
.code.tex
File: pgflibraryplothandlers.code.tex 2013/08/31 v3.0.1a (rcs-revision 1.20)
\pgf@plot@mark@count=\count120
\pgfplotmarksize=\dimen157
)
\tikz@lastx=\dimen158
\tikz@lasty=\dimen159
\tikz@lastxsaved=\dimen160
\tikz@lastysaved=\dimen161
\tikzleveldistance=\dimen162
\tikzsiblingdistance=\dimen163
\tikz@figbox=\box40
\tikz@figbox@bg=\box41
\tikz@tempbox=\box42
\tikz@tempbox@bg=\box43
\tikztreelevel=\count121
\tikznumberofchildren=\count122
\tikznumberofcurrentchild=\count123
\tikz@fig@count=\count124

(/usr/share/texlive/texmf-dist/tex/generic/pgf/modules/pgfmodulematrix.code.tex
File: pgfmodulematrix.code.tex 2013/09/17  (rcs-revision 1.8)
\pgfmatrixcurrentrow=\count125
\pgfmatrixcurrentcolumn=\count126
\pgf@matrix@numberofcolumns=\count127
)
\tikz@expandcount=\count128

(/usr/share/texlive/texmf-dist/tex/generic/pgf/frontendlayer/tikz/libraries/tik
zlibrarytopaths.code.tex
File: tikzlibrarytopaths.code.tex 2008/06/17 v3.0.1a (rcs-revision 1.2)
)))
(/usr/share/texlive/texmf-dist/tex/latex/tools/verbatim.sty
Package: verbatim 2014/10/28 v1.5q LaTeX2e package for verbatim enhancements
\every@verbatim=\toks36
\verbatim@line=\toks37
\verbatim@in@stream=\read2
){/var/lib/texmf/fonts/map/pdftex/updmap/pdftex.map}{Unicode.sfd} (./doc.aux)
\openout1 = `doc.aux'.

LaTeX Font Info:    Checking defaults for OML/cmm/m/it on input line 15.
LaTeX Font Info:    ... okay on input line 15.
LaTeX Font Info:    Checking defaults for T1/cmr/m/n on input line 15.
LaTeX Font Info:    ... okay on input line 15.
LaTeX Font Info:    Checking defaults for OT1/cmr/m/n on input line 15.
LaTeX Font Info:    ... okay on input line 15.
LaTeX Font Info:    Checking defaults for OMS/cmsy/m/n on input line 15.
LaTeX Font Info:    ... okay on input line 15.
LaTeX Font Info:    Checking defaults for OMX/cmex/m/n on input line 15.
LaTeX Font Info:    ... okay on input line 15.
LaTeX Font Info:    Checking defaults for U/cmr/m/n on input line 15.
LaTeX Font Info:    ... okay on input line 15.

(/usr/share/texlive/texmf-dist/tex/context/base/supp-pdf.mkii
[Loading MPS to PDF converter (version 2006.09.02).]
\scratchcounter=\count129
\scratchdimen=\dimen164
\scratchbox=\box44
\nofMPsegments=\count130
\nofMParguments=\count131
\everyMPshowfont=\toks38
\MPscratchCnt=\count132
\MPscratchDim=\dimen165
\MPnumerator=\count133
\makeMPintoPDFobject=\count134
\everyMPtoPDFconversion=\toks39
)
\c@lstlisting=\count135
 ABD: EveryShipout initializing macros
LaTeX Font Info:    Try loading font information for U+msa on input line 20.

(/usr/share/texlive/texmf-dist/tex/latex/amsfonts/umsa.fd
File: umsa.fd 2013/01/14 v3.01 AMS symbols A
)
LaTeX Font Info:    Try loading font information for U+msb on input line 20.

(/usr/share/texlive/texmf-dist/tex/latex/amsfonts/umsb.fd
File: umsb.fd 2013/01/14 v3.01 AMS symbols B
) (./doc.toc [1

])
\tf@toc=\write4
\openout4 = `doc.toc'.


(./thesquid.tex
Underfull \hbox (badness 10000) in paragraph at lines 3--4

 []


Underfull \hbox (badness 10000) in paragraph at lines 5--6

 []

LaTeX Font Info:    Try loading font information for OMS+cmr on input line 9.
(/usr/share/texlive/texmf-dist/tex/latex/base/omscmr.fd
File: omscmr.fd 2014/09/29 v2.5h Standard LaTeX font definitions
)
LaTeX Font Info:    Font shape `OMS/cmr/m/n' in size <12> not available
(Font)              Font shape `OMS/cmsy/m/n' tried instead on input line 9.

Underfull \hbox (badness 10000) in paragraph at lines 14--15

 []


Underfull \hbox (badness 10000) in paragraph at lines 16--17

 []


Underfull \hbox (badness 10000) in paragraph at lines 18--19

 []


Underfull \hbox (badness 10000) in paragraph at lines 20--21

 []


Underfull \hbox (badness 10000) in paragraph at lines 24--25

 []

[2] <./protocol.png, id=16, 219.219pt x 194.8881pt>
File: ./protocol.png Graphic file (type png)
 <use ./protocol.png>
Package pdftex.def Info: ./protocol.png used on input line 28.
(pdftex.def)             Requested size: 227.62204pt x 202.37254pt.
LaTeX Font Info:    Try loading font information for OMS+cmtt on input line 37.

LaTeX Font Info:    No file OMScmtt.fd. on input line 37.


LaTeX Font Warning: Font shape `OMS/cmtt/m/n' undefined
(Font)              using `OMS/cmsy/m/n' instead
(Font)              for symbol `textbraceleft' on input line 37.

[3 <./protocol.png>]
Underfull \hbox (badness 10000) in paragraph at lines 48--49

 []


Underfull \hbox (badness 10000) in paragraph at lines 50--53

 []


Underfull \hbox (badness 10000) in paragraph at lines 54--55

 []


Underfull \hbox (badness 10000) in paragraph at lines 56--57

 []


Underfull \hbox (badness 10000) in paragraph at lines 77--78

 []

[4]

! LaTeX Error: There's no line here to end.

See the LaTeX manual or LaTeX Companion for explanation.
Type  H <return>  for immediate help.
 ...                                              
                                                  
l.86 
     
Your command was ignored.
Type  I <command> <return>  to replace it with another command,
or  <return>  to continue without it.


Underfull \hbox (badness 10000) in paragraph at lines 87--88

 []


Underfull \hbox (badness 10000) in paragraph at lines 89--90

 []


Underfull \hbox (badness 10000) in paragraph at lines 110--111

 []


Overfull \hbox (29.72522pt too wide) in paragraph at lines 112--117
\OT1/cmtt/m/n/12 "right":"99","width:"100","height":"100","outTga":"./img-00001
.tga"\OMS/cmtt/m/n/12 g
 []

[5]

! LaTeX Error: There's no line here to end.

See the LaTeX manual or LaTeX Companion for explanation.
Type  H <return>  for immediate help.
 ...                                              
                                                  
l.125 
      
Your command was ignored.
Type  I <command> <return>  to replace it with another command,
or  <return>  to continue without it.


Overfull \hbox (66.60025pt too wide) in paragraph at lines 126--129
\OMS/cmtt/m/n/12 f\OT1/cmtt/m/n/12 "ini":"./testPov.ini", "sizeMinFragment":"10
0", "sizeMaxFragment":"1000"\OMS/cmtt/m/n/12 g
 []


! LaTeX Error: There's no line here to end.

See the LaTeX manual or LaTeX Companion for explanation.
Type  H <return>  for immediate help.
 ...                                              
                                                  
l.134 
      
Your command was ignored.
Type  I <command> <return>  to replace it with another command,
or  <return>  to continue without it.


Underfull \hbox (badness 10000) in paragraph at lines 135--136

 []

[6]
Underfull \hbox (badness 10000) in paragraph at lines 155--156

 []


Overfull \hbox (61.91968pt too wide) in paragraph at lines 157--158
[]\OT1/cmr/m/n/12 This task is a spe-cial task used by the func-tion \OT1/cmtt/
m/n/12 SquadRequestSquidletToResetStats\OT1/cmr/m/n/12 . 
 []


Overfull \hbox (29.9002pt too wide) in paragraph at lines 161--168
\OT1/cmtt/m/n/12 "nbAcceptedConnection":"1","nbAcceptedTask":"1","nbRefusedTask
":"0", 
 []


Overfull \hbox (85.47523pt too wide) in paragraph at lines 161--168
\OT1/cmtt/m/n/12 "nbFailedReceptTaskSize":"0","nbFailedReceptTaskData":"0","nbS
entResult":"0", 
 []


Overfull \hbox (91.65024pt too wide) in paragraph at lines 161--168
\OT1/cmtt/m/n/12 "nbFailedSendResult":"0","nbFailedSendResultSize":"0","nbFaile
dReceptAck":"0", 
 []


Overfull \hbox (17.5502pt too wide) in paragraph at lines 161--168
\OT1/cmtt/m/n/12 "nbTaskComplete":"1","timeToProcessMs":"0","timeWaitedTaskMs":
"0", 
 []

[7]
Overfull \hbox (12.90689pt too wide) in paragraph at lines 181--182
\OT1/cmr/m/n/12 for ac-knowl-edge-ment from the Squad dur-ing the last \OT1/cmt
t/m/n/12 SQUID[]RANGEAVGSTAT
 []


Underfull \hbox (badness 10000) in paragraph at lines 187--188

 []

[8]
Overfull \hbox (23.25044pt too wide) in paragraph at lines 194--195
[]\OT1/cmr/m/n/12 If not al-ready in-stalled, in-stall Etcher, cf \OT1/cmtt/m/n
/12 https://www.balena.io/etcher/ 
 []

! You can't use `macro parameter character #' in horizontal mode.
l.215 sudo hostname Squidlet001  #
                                   whatever name you chose\\
Sorry, but I'm not programmed to handle this case;
I'll just pretend that you didn't ask for it.
If you're in the wrong mode, you might be able to
return to the right one by typing `I}' or `I$' or `I\par'.

! You can't use `macro parameter character #' in horizontal mode.
l.216 sudo nano /etc/hostname    #
                                   change the hostname here too\\
Sorry, but I'm not programmed to handle this case;
I'll just pretend that you didn't ask for it.
If you're in the wrong mode, you might be able to
return to the right one by typing `I}' or `I$' or `I\par'.

! You can't use `macro parameter character #' in horizontal mode.
l.217 sudo nano /etc/hosts       #
                                   change "raspberrypi" to "Squidlet001"
Sorry, but I'm not programmed to handle this case;
I'll just pretend that you didn't ask for it.
If you're in the wrong mode, you might be able to
return to the right one by typing `I}' or `I$' or `I\par'.


Overfull \hbox (38.96951pt too wide) in paragraph at lines 213--219
[]\OT1/cmr/m/n/12 Set the host-name with the fol-low-ing com-mands  \OT1/cmtt/m
/n/12 sudo hostname Squidlet001
 []


Overfull \hbox (3.69987pt too wide) in paragraph at lines 213--219
\OT1/cmtt/m/n/12 sudo nano /etc/hosts  change "raspberrypi" to "Squidlet001" 
 []

[9]
Overfull \hbox (52.84624pt too wide) in paragraph at lines 225--226
[]\OT1/cmr/m/n/12 Edit the root Make-file with the com-mand \OT1/cmtt/m/n/12 na
no  /GitHub/PBMake/Makefile.inc
 []


Overfull \hbox (2.01425pt too wide) in paragraph at lines 230--231
[]\OT1/cmr/m/n/12 Compile the repos-i-tory TheSquid with the com-mand \OT1/cmtt
/m/n/12 make\OT1/cmr/m/n/12 , oth-ers repos-
 []


Overfull \hbox (27.44705pt too wide) in paragraph at lines 241--244
[]\OT1/cmtt/m/n/12 sudo nano /etc/credentials username=squidlet password=mypass
word 
 []

[10]
Overfull \hbox (16.67303pt too wide) in paragraph at lines 263--264
[]\OT1/cmr/m/n/12 ./configure COM-PILED[]BY="TheSquid $\OML/cmm/m/it/12 <$\OT1/
cmr/m/n/12 email@address$\OML/cmm/m/it/12 >$\OT1/cmr/m/n/12 " --with-boost-
 []

! Misplaced alignment tab character &.
l.278 (./squidlet -ip 1.1.1.\$i -port 9000 &
                                            
I can't figure out why you would want to use a tab mark
here. If you just want an ampersand, the remedy is
simple: Just type `I\&' now. But if some right brace
up above has ended a previous alignment prematurely,
you're probably due for more error messages, and you
might try typing `S' now just to see what is salvageable.


Overfull \hbox (5.2002pt too wide) in paragraph at lines 276--282
\OT1/cmtt/m/n/12 for i in 1 2 3; do ssh pi@1.1.1.$i "cd /home/pi/GitHub/TheSqui
d;
 []


Overfull \hbox (17.5502pt too wide) in paragraph at lines 276--282
\OT1/cmtt/m/n/12 (./squidlet -ip 1.1.1.$i -port 9000  ./squidlet -ip 1.1.1.$i -
port
 []

[11]
Overfull \hbox (5.2002pt too wide) in paragraph at lines 286--291
\OT1/cmtt/m/n/12 for i in 1 2 3; do ssh pi@1.1.1.$i "cd GitHub/; rm -rf TheSqui
d;
 []


Overfull \hbox (36.07521pt too wide) in paragraph at lines 286--291
\OT1/cmtt/m/n/12 git clone https://github.com/BayashiPascal/TheSquid.git; cd Th
eSquid;
 []

<./benchmark01.png, id=48, 553.31718pt x 433.62pt>
File: ./benchmark01.png Graphic file (type png)
 <use ./benchmark01.png>
Package pdftex.def Info: ./benchmark01.png used on input line 300.
(pdftex.def)             Requested size: 284.52756pt x 222.97604pt.

Underfull \hbox (badness 10000) in paragraph at lines 304--305

 []

[12 <./benchmark01.png (PNG copy)>]
Underfull \hbox (badness 10000) in paragraph at lines 306--307

 []

<./benchmark02.png, id=52, 553.31718pt x 433.62pt>
File: ./benchmark02.png Graphic file (type png)
 <use ./benchmark02.png>
Package pdftex.def Info: ./benchmark02.png used on input line 314.
(pdftex.def)             Requested size: 284.52756pt x 222.97604pt.

Underfull \hbox (badness 10000) in paragraph at lines 318--319

 []


Underfull \hbox (badness 10000) in paragraph at lines 320--321

 []

[13 <./benchmark02.png (PNG copy)>]
Underfull \hbox (badness 10000) in paragraph at lines 322--323

 []

File: /home/bayashi/GitHub/TheSquid/thesquid.h  (verbatim)
[14] [15] [16] [17] [18] [19] [20] [21] [22] [23] [24] [25]
File: /home/bayashi/GitHub/TheSquid/thesquid.c  (verbatim)
 [26] [27] [28]
[29] [30] [31] [32] [33] [34] [35] [36] [37] [38] [39] [40] [41] [42] [43]
[44] [45] [46] [47] [48] [49] [50] [51] [52] [53] [54] [55] [56] [57] [58]
[59] [60] [61] [62] [63] [64] [65] [66] [67] [68] [69] [70] [71] [72] [73]
[74] [75] [76] [77] [78] [79] [80] [81] [82] [83] [84] [85] [86] [87] [88]
[89] [90] [91] [92] [93] [94] [95] [96] [97] [98] [99] [100] [101] [102]
[103]
File: /home/bayashi/GitHub/TheSquid/squidlet.c  (verbatim)
 [104] [105] [106]
File: /home/bayashi/GitHub/TheSquid/squad.c  (verbatim)
 [107] [108] [109] [110] [111]
File: /home/bayashi/GitHub/TheSquid/Makefile  (verbatim)

Overfull \hbox (787.2669pt too wide) in paragraph at lines 362--362
[]\OT1/cmtt/m/n/8 if [ ! -d ../PBMake ]; then wget https://github.com/BayashiPa
scal/PBMake/archive/master.zip; unzip master.zip; rm -f master.zip; sed -i '' '
s@ROOT_DIR=.*@ROOT_DIR='"`pwd | gawk -F/ 'NF{NF-=1};1' | sed -e 's@ @/@g'`"'@' 
PBMake-master/Makefile.inc; mv PBMake-master ../PBMake; fi[] 
 []

[112]
Overfull \hbox (196.50842pt too wide) in paragraph at lines 362--362
[]\OT1/cmtt/m/n/8 $(COMPILER) `echo "$($(repo)_EXE_DEP) $($(repo)_EXENAME).o" |
 tr ' ' '\n' | sort -u` $(LINK_ARG) $($(repo)_LINK_ARG) -o $($(repo)_EXENAME)[]
 
 []


Overfull \hbox (188.0083pt too wide) in paragraph at lines 362--362
[]\OT1/cmtt/m/n/8 $(COMPILER) $(BUILD_ARG) $($(repo)_BUILD_ARG) `echo "$($(repo
)_INC_DIR)" | tr ' ' '\n' | sort -u` -c $($(repo)_DIR)/$($(repo)_EXENAME).c[] 
 []


Overfull \hbox (260.25934pt too wide) in paragraph at lines 362--362
[]\OT1/cmtt/m/n/8 echo "\nThe list of used ports is given by\nsudo netstat -tun
lep | grep LISTEN\nand\ncat /etc/services\nalso, possible ports are in the rang
e 1024-32768"[] 
 []


Overfull \hbox (111.5072pt too wide) in paragraph at lines 362--362
[]\OT1/cmtt/m/n/8 $(COMPILER) `echo "$($(repo)_EXE_DEP) squidlet.o" | tr ' ' '\
n' | sort -u` $(LINK_ARG) $($(repo)_LINK_ARG) -o squidlet[] 
 []


Overfull \hbox (145.50769pt too wide) in paragraph at lines 362--362
[]\OT1/cmtt/m/n/8 $(COMPILER) $(BUILD_ARG) $($(repo)_BUILD_ARG) `echo "$($(repo
)_INC_DIR)" | tr ' ' '\n' | sort -u` -c $($(repo)_DIR)/squidlet.c[] 
 []


Overfull \hbox (86.00684pt too wide) in paragraph at lines 362--362
[]\OT1/cmtt/m/n/8 $(COMPILER) `echo "$($(repo)_EXE_DEP) squad.o" | tr ' ' '\n' 
| sort -u` $(LINK_ARG) $($(repo)_LINK_ARG) -o squad[] 
 []


Overfull \hbox (132.7575pt too wide) in paragraph at lines 362--362
[]\OT1/cmtt/m/n/8 $(COMPILER) $(BUILD_ARG) $($(repo)_BUILD_ARG) `echo "$($(repo
)_INC_DIR)" | tr ' ' '\n' | sort -u` -c $($(repo)_DIR)/squad.c[] 
 []

File: /home/bayashi/GitHub/TheSquid/main.c  (verbatim)
[113] [114] [115] [116] [117] [118] [119] [120] [121]
File: /home/bayashi/GitHub/TheSquid/unitTestRef.txt  (verbatim)

Overfull \hbox (1267.5238pt too wide) in paragraph at lines 378--378
[]\OT1/cmtt/m/n/8 {"temperature":"0.00","success":"1","v":"0","nbAcceptedConnec
tion":"1","nbAcceptedTask":"1","nbRefusedTask":"0","nbFailedReceptTaskSize":"0"
,"nbFailedReceptTaskData":"0","nbSentResult":"0","nbFailedSendResult":"0","nbFa
iledSendResultSize":"0","nbFailedReceptAck":"0","nbTaskComplete":"1","timeToPro
cessMs":"0","timeWaitedTaskMs":"0","timeWaitedAckMs":"0","timeTransferSquidSqua
dMs":"0.000"}[] 
 []


Overfull \hbox (1267.5238pt too wide) in paragraph at lines 378--378
[]\OT1/cmtt/m/n/8 {"temperature":"0.00","success":"1","v":"0","nbAcceptedConnec
tion":"1","nbAcceptedTask":"1","nbRefusedTask":"0","nbFailedReceptTaskSize":"0"
,"nbFailedReceptTaskData":"0","nbSentResult":"0","nbFailedSendResult":"0","nbFa
iledSendResultSize":"0","nbFailedReceptAck":"0","nbTaskComplete":"1","timeToPro
cessMs":"0","timeWaitedTaskMs":"0","timeWaitedAckMs":"0","timeTransferSquidSqua
dMs":"0.000"}[] 
 []

[122]
Overfull \hbox (162.50793pt too wide) in paragraph at lines 378--378
[]\OT1/cmtt/m/n/8 squad : PovRay(#1-3) {"id":"1","subid":"3","ini":"./testPov.i
ni","tga":"testPov-00003.tga","top":"1","left":"251", (...) succeeded[] 
 []


Overfull \hbox (162.50793pt too wide) in paragraph at lines 378--378
[]\OT1/cmtt/m/n/8 squad : PovRay(#1-4) {"id":"1","subid":"4","ini":"./testPov.i
ni","tga":"testPov-00004.tga","top":"251","left":"251 (...) succeeded[] 
 []


Overfull \hbox (162.50793pt too wide) in paragraph at lines 378--378
[]\OT1/cmtt/m/n/8 squad : PovRay(#1-5) {"id":"1","subid":"5","ini":"./testPov.i
ni","tga":"testPov-00005.tga","top":"501","left":"251 (...) succeeded[] 
 []


Overfull \hbox (162.50793pt too wide) in paragraph at lines 378--378
[]\OT1/cmtt/m/n/8 squad : PovRay(#1-0) {"id":"1","subid":"0","ini":"./testPov.i
ni","tga":"testPov-00000.tga","top":"1","left":"1","b (...) succeeded[] 
 []


Overfull \hbox (162.50793pt too wide) in paragraph at lines 378--378
[]\OT1/cmtt/m/n/8 squad : PovRay(#1-1) {"id":"1","subid":"1","ini":"./testPov.i
ni","tga":"testPov-00001.tga","top":"251","left":"1", (...) succeeded[] 
 []


Overfull \hbox (162.50793pt too wide) in paragraph at lines 378--378
[]\OT1/cmtt/m/n/8 squad : PovRay(#1-2) {"id":"1","subid":"2","ini":"./testPov.i
ni","tga":"testPov-00002.tga","top":"501","left":"1", (...) succeeded[] 
 []


Overfull \hbox (162.50793pt too wide) in paragraph at lines 378--378
[]\OT1/cmtt/m/n/8 squad : PovRay(#1-3) {"id":"1","subid":"3","ini":"./testPov.i
ni","tga":"testPov-00003.tga","top":"1","left":"251", (...) succeeded[] 
 []


Overfull \hbox (162.50793pt too wide) in paragraph at lines 378--378
[]\OT1/cmtt/m/n/8 squad : PovRay(#1-4) {"id":"1","subid":"4","ini":"./testPov.i
ni","tga":"testPov-00004.tga","top":"251","left":"251 (...) succeeded[] 
 []


Overfull \hbox (162.50793pt too wide) in paragraph at lines 378--378
[]\OT1/cmtt/m/n/8 squad : PovRay(#1-5) {"id":"1","subid":"5","ini":"./testPov.i
ni","tga":"testPov-00005.tga","top":"501","left":"251 (...) succeeded[] 
 []


Overfull \hbox (162.50793pt too wide) in paragraph at lines 378--378
[]\OT1/cmtt/m/n/8 squad : PovRay(#1-0) {"id":"1","subid":"0","ini":"./testPov.i
ni","tga":"testPov-00000.tga","top":"1","left":"1","b (...) succeeded[] 
 []


Overfull \hbox (162.50793pt too wide) in paragraph at lines 378--378
[]\OT1/cmtt/m/n/8 squad : PovRay(#1-1) {"id":"1","subid":"1","ini":"./testPov.i
ni","tga":"testPov-00001.tga","top":"251","left":"1", (...) succeeded[] 
 []


Overfull \hbox (162.50793pt too wide) in paragraph at lines 378--378
[]\OT1/cmtt/m/n/8 squad : PovRay(#1-2) {"id":"1","subid":"2","ini":"./testPov.i
ni","tga":"testPov-00002.tga","top":"501","left":"1", (...) succeeded[] 
 []


Overfull \hbox (188.0083pt too wide) in paragraph at lines 378--378
[]\OT1/cmtt/m/n/8 squad : EvalNeuranet(#0-0) {"id":"0","subid":"0","dataset":".
/dataset.json","neuranet":"./nn.json","nnid":"0","best":"-1 (...) succeeded[] 
 []


Overfull \hbox (188.0083pt too wide) in paragraph at lines 378--378
[]\OT1/cmtt/m/n/8 squad : EvalNeuranet(#1-0) {"id":"1","subid":"0","dataset":".
/dataset.json","neuranet":"./nn.json","nnid":"1","best":"-1 (...) succeeded[] 
 []


Overfull \hbox (188.0083pt too wide) in paragraph at lines 378--378
[]\OT1/cmtt/m/n/8 squad : EvalNeuranet(#2-0) {"id":"2","subid":"0","dataset":".
/dataset.json","neuranet":"./nn.json","nnid":"2","best":"-1 (...) succeeded[] 
 []


Overfull \hbox (188.0083pt too wide) in paragraph at lines 378--378
[]\OT1/cmtt/m/n/8 squad : EvalNeuranet(#3-0) {"id":"3","subid":"0","dataset":".
/dataset.json","neuranet":"./nn.json","nnid":"3","best":"-1 (...) succeeded[] 
 []

) [123] (./doc.aux)

LaTeX Font Warning: Some font shapes were not available, defaults substituted.

 ) 
Here is how much of TeX's memory you used:
 13316 strings out of 494314
 256128 string characters out of 6163111
 294773 words of memory out of 5000000
 16397 multiletter control sequences out of 15000+600000
 12740 words of font info for 50 fonts, out of 8000000 for 9000
 372 hyphenation exceptions out of 8191
 55i,6n,54p,757b,311s stack positions out of 5000i,500n,10000p,200000b,80000s
</usr/share/texlive/texmf-dist/fonts/type1/public/amsfonts/cm/cmbx12.pfb></us
r/share/texlive/texmf-dist/fonts/type1/public/amsfonts/cm/cmmi12.pfb></usr/shar
e/texlive/texmf-dist/fonts/type1/public/amsfonts/cm/cmr12.pfb></usr/share/texli
ve/texmf-dist/fonts/type1/public/amsfonts/cm/cmr17.pfb></usr/share/texlive/texm
f-dist/fonts/type1/public/amsfonts/cm/cmsy10.pfb></usr/share/texlive/texmf-dist
/fonts/type1/public/amsfonts/cm/cmtt12.pfb></usr/share/texlive/texmf-dist/fonts
/type1/public/amsfonts/cm/cmtt8.pfb>

pdfTeX warning: pdflatex: no GlyphToUnicode entry has been inserted yet!
Output written on doc.pdf (123 pages, 368104 bytes).
PDF statistics:
 433 PDF objects out of 1000 (max. 8388607)
 0 named destinations out of 1000 (max. 500000)
 28 words of extra memory for PDF output out of 10000 (max. 10000000)

